<?xml version="1.0" encoding="UTF-8"?>
<testsuite name="com.nrlambole.firstwindow_ide.ExampleUnitTest" tests="1" skipped="0" failures="0" errors="0" timestamp="2021-05-01T04:45:24" hostname="NANDLAL" time="0.003">
  <properties/>
  <testcase name="addition_isCorrect" classname="com.nrlambole.firstwindow_ide.ExampleUnitTest" time="0.003"/>
  <system-out><![CDATA[]]></system-out>
  <system-err><![CDATA[]]></system-err>
</testsuite>
